<?xml version="1.0" encoding="UTF-8"?>
<!-- Generated by org.testng.reporters.JUnitXMLReporter -->
<testsuite hostname="Jitender" name="Test" tests="4" failures="0" timestamp="6 Oct 2018 10:02:42 GMT" time="183.559" errors="0">
  <testcase name="test_case" time="26.252" classname="org.testing.testScripts.TC1"/>
  <testcase name="test_case" time="26.516" classname="org.testing.testScripts.TC2"/>
  <testcase name="test_case" time="36.735" classname="org.testing.testScripts.TC3"/>
  <testcase name="test_case" time="39.546" classname="org.testing.testScripts.TC4"/>
</testsuite> <!-- Test -->
