<?xml version="1.0" encoding="UTF-8"?>
<testng-results skipped="0" failed="0" total="1" passed="1">
  <reporter-output>
  </reporter-output>
  <suite name="Default suite" duration-ms="40326" started-at="2018-10-06T10:32:19Z" finished-at="2018-10-06T10:32:59Z">
    <groups>
    </groups>
    <test name="Default test" duration-ms="40326" started-at="2018-10-06T10:32:19Z" finished-at="2018-10-06T10:32:59Z">
      <class name="org.testing.testScripts.TC2">
        <test-method status="PASS" signature="browser_launch()[pri:0, instance:org.testing.testScripts.TC2@68c4039c]" name="browser_launch" is-config="true" duration-ms="12283" started-at="2018-10-06T16:02:19Z" finished-at="2018-10-06T16:02:31Z">
          <reporter-output>
          </reporter-output>
        </test-method> <!-- browser_launch -->
        <test-method status="PASS" signature="test_case()[pri:0, instance:org.testing.testScripts.TC2@68c4039c]" name="test_case" duration-ms="25688" started-at="2018-10-06T16:02:31Z" finished-at="2018-10-06T16:02:57Z">
          <reporter-output>
          </reporter-output>
        </test-method> <!-- test_case -->
        <test-method status="PASS" signature="browser_close()[pri:0, instance:org.testing.testScripts.TC2@68c4039c]" name="browser_close" is-config="true" duration-ms="2333" started-at="2018-10-06T16:02:57Z" finished-at="2018-10-06T16:02:59Z">
          <reporter-output>
          </reporter-output>
        </test-method> <!-- browser_close -->
      </class> <!-- org.testing.testScripts.TC2 -->
    </test> <!-- Default test -->
  </suite> <!-- Default suite -->
</testng-results>
